C51 COMPILER V9.60.0.0   TIMER                                                             07/30/2022 21:38:48 PAGE 1   


C51 COMPILER V9.60.0.0, COMPILATION OF MODULE TIMER
OBJECT MODULE PLACED IN .\Objects\Timer.obj
COMPILER INVOKED BY: F:\Embedded C 8051\KEIL_MICROVISION\C51\BIN\C51.EXE Timer.c OPTIMIZE(8,SPEED) BROWSE DEBUG OBJECTEX
                    -TEND PRINT(.\Listings\Timer.lst) TABS(2) OBJECT(.\Objects\Timer.obj)

line level    source

   1          #include<reg51.h>
   2          sbit led=P2^0;
   3          
   4          time_delay(long itime)
   5          { 
   6   1        long i;
   7   1        for(i=0;i<itime;i++)
   8   1        {
   9   2        TMOD=0x00;
  10   2        TH0=0xFD;
  11   2        TL0=0x17;
  12   2        TR0=1;
  13   2        while(TF0==0);
  14   2        TR0=0;
  15   2        TF0=0;
  16   2        }
  17   1      }
  18          void main()
  19          {
  20   1        led=0;
  21   1        {
  22   2        led=1;
  23   2        time_delay(100);//millisecond
  24   2        led=0;
  25   2        time_delay(200);
  26   2        }
  27   1      }
*** WARNING C290 IN LINE 17 OF Timer.c: missing return value


MODULE INFORMATION:   STATIC OVERLAYABLE
   CODE SIZE        =    113    ----
   CONSTANT SIZE    =   ----    ----
   XDATA SIZE       =   ----    ----
   PDATA SIZE       =   ----    ----
   DATA SIZE        =   ----       8
   IDATA SIZE       =   ----    ----
   BIT SIZE         =   ----    ----
END OF MODULE INFORMATION.


C51 COMPILATION COMPLETE.  1 WARNING(S),  0 ERROR(S)
