C51 COMPILER V9.60.0.0   SEIAL_COMMUNICATION                                               07/30/2022 17:27:30 PAGE 1   


C51 COMPILER V9.60.0.0, COMPILATION OF MODULE SEIAL_COMMUNICATION
OBJECT MODULE PLACED IN .\Objects\Seial_Communication.obj
COMPILER INVOKED BY: F:\Embedded C 8051\KEIL_MICROVISION\C51\BIN\C51.EXE ..\Serial_communication\Seial_Communication.c O
                    -PTIMIZE(8,SPEED) BROWSE DEBUG OBJECTEXTEND PRINT(.\Listings\Seial_Communication.lst) TABS(2) OBJECT(.\Objects\Seial_Comm
                    -unication.obj)

line level    source

   1          #include<reg51.h>
   2          sbit led=P1^0;
   3          void delay(unsigned int count)
   4          {
   5   1        unsigned i=115;
   6   1        while(count)
   7   1        {
   8   2          while(i>0)
   9   2            i--;
  10   2          count--;
  11   2        }
  12   1        
  13   1      }
  14          
  15          void uart_init()
  16          {
  17   1        TMOD=(0x20);
  18   1        SCON=(0x50);
  19   1        TH1=(0xFD);
  20   1        TL1=(0xFD);
  21   1        TR1=1;
  22   1      }
  23          void uart_write(unsigned char dat)
  24          {
  25   1        SBUF=dat;
  26   1        while(TR1==0);
  27   1        TR1=0;
  28   1      }
  29          void uart_write_text(unsigned char *dat)
  30          {
  31   1        while(*dat)
  32   1        {
  33   2          uart_write(*dat);
  34   2          dat++;
  35   2        }
  36   1      }
  37          unsigned char uart_read()
  38          {
  39   1        while(RI==0);
  40   1        RI=0;
  41   1        return SBUF;
  42   1      }
  43          void main()
  44          {
  45   1        uart_init();
  46   1        uart_write_text("Hello world");
  47   1        while(1)
  48   1        {
  49   2          unsigned char a=uart_read();
  50   2          delay(1000);
  51   2          uart_write(a+1);
  52   2        }
  53   1        
C51 COMPILER V9.60.0.0   SEIAL_COMMUNICATION                                               07/30/2022 17:27:30 PAGE 2   

  54   1      }


MODULE INFORMATION:   STATIC OVERLAYABLE
   CODE SIZE        =    115    ----
   CONSTANT SIZE    =     12    ----
   XDATA SIZE       =   ----    ----
   PDATA SIZE       =   ----    ----
   DATA SIZE        =   ----       1
   IDATA SIZE       =   ----    ----
   BIT SIZE         =   ----    ----
END OF MODULE INFORMATION.


C51 COMPILATION COMPLETE.  0 WARNING(S),  0 ERROR(S)
