C51 COMPILER V9.60.0.0   DC_MOTOR                                                          06/13/2022 11:31:00 PAGE 1   


C51 COMPILER V9.60.0.0, COMPILATION OF MODULE DC_MOTOR
OBJECT MODULE PLACED IN .\Objects\Dc_motor.obj
COMPILER INVOKED BY: F:\Embedded C 8051\C51\BIN\C51.EXE DC_motor\Dc_motor.c OPTIMIZE(8,SPEED) BROWSE DEBUG OBJECTEXTEND 
                    -PRINT(.\Listings\Dc_motor.lst) TABS(2) OBJECT(.\Objects\Dc_motor.obj)

line level    source

   1          #include<reg51.h>
   2          void delay(unsigned int count)
   3          {
   4   1        unsigned int i;
   5   1        for(;;)
   6   1        {
   7   2          i=0;
   8   2          i<count;
*** WARNING C275 IN LINE 8 OF DC_motor\Dc_motor.c: expression with possibly no effect
   9   2          i++;
  10   2        }
  11   1      }
  12          sbit inp1=P2^0;
  13          sbit inp2=P2^1;
  14          sbit enb1=P2^2;
  15          sbit enb2=P2^3;
  16          sbit inp3=P2^4;
  17          sbit inp4=P2^5;
  18          
  19            
  20            
  21          void main()
  22          {
  23   1        inp1=0;
  24   1        inp2=0;
  25   1        inp3=0;
  26   1        inp4=0;
  27   1        enb1=1;
  28   1        enb2=1;
  29   1        while(1)
  30   1        {
  31   2          inp1=1;
  32   2          inp2=0;
  33   2          inp3=1;
  34   2          inp3=0;
  35   2          delay(2000);
  36   2          
  37   2          inp1=0;
  38   2          inp2=0;
  39   2          inp3=0;
  40   2          inp3=0;
  41   2          delay(100);
  42   2          
  43   2          inp1=0;
  44   2          inp2=1;
  45   2          inp3=0;
  46   2          inp3=1;
  47   2          delay(2000);
  48   2          delay(2000);
  49   2          
  50   2          inp1=0;
  51   2          inp2=0;
  52   2          inp3=0;
  53   2          inp3=0;
C51 COMPILER V9.60.0.0   DC_MOTOR                                                          06/13/2022 11:31:00 PAGE 2   

  54   2          delay(100);
  55   2          
  56   2          
  57   2        }
  58   1      } 
  59                


MODULE INFORMATION:   STATIC OVERLAYABLE
   CODE SIZE        =     83    ----
   CONSTANT SIZE    =   ----    ----
   XDATA SIZE       =   ----    ----
   PDATA SIZE       =   ----    ----
   DATA SIZE        =   ----       2
   IDATA SIZE       =   ----    ----
   BIT SIZE         =   ----    ----
END OF MODULE INFORMATION.


C51 COMPILATION COMPLETE.  1 WARNING(S),  0 ERROR(S)
