C51 COMPILER V9.60.0.0   RELAY                                                             06/13/2022 10:58:36 PAGE 1   


C51 COMPILER V9.60.0.0, COMPILATION OF MODULE RELAY
OBJECT MODULE PLACED IN .\Objects\Relay.obj
COMPILER INVOKED BY: F:\Embedded C 8051\C51\BIN\C51.EXE Relay.c OPTIMIZE(8,SPEED) BROWSE DEBUG OBJECTEXTEND PRINT(.\List
                    -ings\Relay.lst) TABS(2) OBJECT(.\Objects\Relay.obj)

line level    source

   1          #include<reg51.h>
   2          sbit relay=P2^0;
   3          void delay(unsigned int count)
   4          {
   5   1        unsigned int i;
   6   1        for(;;)
   7   1        {
   8   2          i=0;
   9   2          i<count;
*** WARNING C275 IN LINE 9 OF Relay.c: expression with possibly no effect
  10   2          i++;
  11   2        }
  12   1            
  13   1      }
  14          void main()
  15          {
  16   1        relay=1;
  17   1        delay(1000);
  18   1        relay=0;
  19   1        delay(1000);
  20   1        
  21   1      }


MODULE INFORMATION:   STATIC OVERLAYABLE
   CODE SIZE        =     32    ----
   CONSTANT SIZE    =   ----    ----
   XDATA SIZE       =   ----    ----
   PDATA SIZE       =   ----    ----
   DATA SIZE        =   ----       2
   IDATA SIZE       =   ----    ----
   BIT SIZE         =   ----    ----
END OF MODULE INFORMATION.


C51 COMPILATION COMPLETE.  1 WARNING(S),  0 ERROR(S)
